2023-04-03 03:12:54.799209 - Initialized conversion of CBT854
2023-04-03 03:12:55.664690 - Received CBT.V504.FILE854.PDS from FILE854.XMI 
2023-04-03 03:12:55.667124 - Found $$$#DATE.txt (text/plain) in CBT.V504.FILE854.PDS, moved to PDS/$$$#DATE
2023-04-03 03:12:55.668038 - Found $RENAME.txt (text/plain) in CBT.V504.FILE854.PDS, moved to PDS/$RENAME
2023-04-03 03:12:55.671291 - De-xmi-ed $TRAINFR to CBT854/docs/$TRAINFR.pdf
2023-04-03 03:12:55.672352 - Found @FILE854.txt (text/plain) in CBT.V504.FILE854.PDS, moved to PDS/@FILE854
2023-04-03 03:12:55.674334 - De-xmi-ed AMOD31IO to CBT854/docs/AMOD31IO.pdf
2023-04-03 03:12:55.676253 - De-xmi-ed ARCOFDB2 to CBT854/docs/ARCOFDB2.pdf
2023-04-03 03:12:55.678097 - De-xmi-ed ASMCODG1 to CBT854/docs/ASMCODG1.pdf
2023-04-03 03:12:55.679947 - De-xmi-ed BC to CBT854/docs/BC.pdf
2023-04-03 03:12:55.682157 - De-xmi-ed CDAJAXAP to CBT854/docs/CDAJAXAP.pdf
2023-04-03 03:12:55.684111 - De-xmi-ed COBOL4 to CBT854/docs/COBOL4.pdf
2023-04-03 03:12:55.685856 - De-xmi-ed FUTMAINF to CBT854/docs/FUTMAINF.pdf
2023-04-03 03:12:55.688326 - De-xmi-ed HOSWEBZO to CBT854/docs/HOSWEBZO.pdf
2023-04-03 03:12:55.690726 - De-xmi-ed HTMLNDIV to CBT854/docs/HTMLNDIV.pdf
2023-04-03 03:12:55.692650 - De-xmi-ed HTTPSTRT to CBT854/docs/HTTPSTRT.pdf
2023-04-03 03:12:55.695206 - De-xmi-ed J510SM to CBT854/docs/J510SM.pdf
2023-04-03 03:12:55.696156 - Found MFFUNPRF.txt (text/plain) in CBT.V504.FILE854.PDS, moved to PDS/MFFUNPRF
2023-04-03 03:12:55.697844 - De-xmi-ed MODBUSAP to CBT854/docs/MODBUSAP.pdf
2023-04-03 03:12:55.698787 - Found PEEKTOP#.txt (text/plain) in CBT.V504.FILE854.PDS, moved to PDS/PEEKTOP#
2023-04-03 03:12:55.700059 - Found PEEKTOP2.txt (text/plain) in CBT.V504.FILE854.PDS, moved to PDS/PEEKTOP2
2023-04-03 03:12:55.701749 - De-xmi-ed PORTAPCH to CBT854/docs/PORTAPCH.pdf
2023-04-03 03:12:55.703909 - De-xmi-ed READJAVD to CBT854/docs/READJAVD.pdf
2023-04-03 03:12:55.706335 - De-xmi-ed SHDCNTRB to CBT854/docs/SHDCNTRB.pdf
2023-04-03 03:12:55.708362 - De-xmi-ed SHDDB2LB to CBT854/docs/SHDDB2LB.pdf
2023-04-03 03:12:55.710254 - De-xmi-ed SHDXMLDB to CBT854/docs/SHDXMLDB.pdf
2023-04-03 03:12:55.712920 - De-xmi-ed SHPACKDE to CBT854/docs/SHPACKDE.pdf
2023-04-03 03:12:55.713941 - Found SMTPEXIT.txt (text/plain) in CBT.V504.FILE854.PDS, moved to PDS/SMTPEXIT
2023-04-03 03:12:55.715771 - De-xmi-ed TSORT to CBT854/docs/TSORT.pdf
2023-04-03 03:12:55.717936 - De-xmi-ed UNCDTALK to CBT854/docs/UNCDTALK.pdf
2023-04-03 03:12:55.720096 - De-xmi-ed WRTREENT to CBT854/docs/WRTREENT.pdf
2023-04-03 03:12:55.722512 - De-xmi-ed XSLT01 to CBT854/docs/XSLT01.pdf
2023-04-03 03:12:55.724884 - De-xmi-ed ZOSUNXLE to CBT854/docs/ZOSUNXLE.pdf
